gavrasm Gerd's AVR assembler version 5.1 (C)2021 by DG4FAC
----------------------------------------------------------

Path:        /home/anonimo/Desktop/sis_embarcados/avr-projects/interrupt_2/
Source file: interrupt_2.asm
Hex file:    interrupt_2.hex
Eeprom file: interrupt_2.eep
Compiled:    30.07.2022, 10:50:13
Pass:        2

     1: .MACRO CFG_STACK
     2:      LDI R16,HIGH(RAMEND) // R16 = RAMEND_HIGH
     3:      OUT SPH,R16 // SPH = R16
     4:      LDI R16,LOW(RAMEND) // ...
     5:      OUT SPL,R16
     6: .ENDMACRO
     7: 
     8: ; configura porta digital 3 como input pull-up
     9: .MACRO CFG_PORT
    10:      LDI R16,(1<<PD3)
    11:      OUT DDRD,R16
    12:      LDI R17,(1<<PD3)
    13:      OUT PORTD,R17
    14: .ENDMACRO
    15: 
    16: ; configura exception na porta digital 3 para low-level
    17: .MACRO CFG_HANDLER
    18:      LDI R16,0x00
    19:      sts EICRA,R16
    20:      LDI R17,(1<<INT1)
    21:      out EIMSK,R17
    22: .ENDMACRO
    23: 
    24: ; inicializa o led ligado
    25: .MACRO CFG_LED
    26:      LDI R16,(1<<PB5)
    27:      OUT DDRB,R16
    28:      LDI R18,(1<<PB5)
    29:      OUT PORTB,R18
    30: .ENDMACRO
    31: 
    32: ; alterna o estado do led
    33: .MACRO HANDLER_MAIN
    34:       CPI R18,(1<<PB5)
    35:       BREQ TURN_OFF   ; ta ligado vai pra desligar
    36:       RJMP TURN_OFF    ; ta desligado vai pra ligar
    37: .ENDMACRO
    38: 
    39: // diz o microcontrolador especifico p/ o compilador
    40: .device ATMega328p
    41: // inicio da memoria de código
    42: .org 0x0000
    43: // pula pro inicio do código
    44: 000000   C00E  rjmp   INIT
    45: .org 0x0004
    46: 000004   C000  rjmp HANDLER
    47: 
    48: 
    49: 
    50: HANDLER:
    51: 000005   3220  CPI R18,0x20
    52: 000006   F029  BREQ TURN_OFF
    53: 000007   C001  RJMP TURN_ON
    54: 
    55: 
    56: HANDLER_END:
    57: 000008   9518  RETI
    58: 
    59: TURN_ON:
    60: 000009   E220  LDI R18,(1<<PB5)        ; liga led
    61: 00000A   B925  OUT PORTB,R18
    62: 00000B   CFFC  rjmp HANDLER_END
    63: 
    64: 
    65: TURN_OFF:                  ; desliga led
    66: 00000C   E020  LDI R18, 0x00
    67: 00000D   B925  OUT PORTB,R18
    68: 00000E   CFF9  rjmp HANDLER_END
    69: 
    70: INIT:
    71:       CFG_LED
    71: 00000F   E200  LDI R16,(1<<PB5)
    71: 000010   B904  OUT DDRB,R16
    71: 000011   E220  LDI R18,(1<<PB5)
    71: 000012   B925  OUT PORTB,R18
    72:       CFG_STACK
    72: 000013   E008  LDI R16,HIGH(RAMEND) // R16 = RAMEND_HIGH
    72: 000014   BF0E  OUT SPH,R16 // SPH = R16
    72: 000015   EF0F  LDI R16,LOW(RAMEND) // ...
    72: 000016   BF0D  OUT SPL,R16
    73:       CFG_PORT
    73: 000017   E008  LDI R16,(1<<PD3)
    73: 000018   B90A  OUT DDRD,R16
    73: 000019   E018  LDI R17,(1<<PD3)
    73: 00001A   B91B  OUT PORTD,R17
    74:       CFG_HANDLER
    74: 00001B   E000  LDI R16,0x00
    74: 00001C   9300  sts EICRA,R16
        00001D   0069
    74: 00001E   E012  LDI R17,(1<<INT1)
    74: 00001F   BB1D  out EIMSK,R17
    75: 000020   9478  SEI
    76: 
    77: 000021   CFFF  RJMP LOOP
    78: 

List of symbols:
Type nDef nUsed             Decimalval           Hexval Name
  T     1     1                    171               AB ATMEGA328P
  L     1     2                      5               05 HANDLER
  L     1     4                      8               08 HANDLER_END
  L     1     2                      9               09 TURN_ON
  L     1     2                     12               0C TURN_OFF
  L     1     2                     15               0F INIT
  L     1     2                     33               21 LOOP
  C     1     0                     22               16 NOW_Y
  C     1     0                      7               07 NOW_M
  C     1     0                     30               1E NOW_D
  C     1     0                  44772             AEE4 NOW_I

List of macros:
nLines nUsed nParams Name
     4     1       0 CFG_STACK
     4     1       0 CFG_PORT
     4     1       0 CFG_HANDLER
     4     1       0 CFG_LED
     3     0       0 HANDLER_MAIN

Program             :       31 words.
Constants           :        0 words.
Total program memory:       31 words.
Eeprom space        :        0 bytes.
Data segment        :        0 bytes.
Compilation completed, no errors.
Compilation ended 30.07.2022, 10:50:13
