gavrasm Gerd's AVR assembler version 5.1 (C)2021 by DG4FAC
----------------------------------------------------------

Path:        /home/anonimo/Desktop/sis_embarcados/avr-projects/timer_1/
Source file: timer1.asm
Hex file:    timer1.hex
Eeprom file: timer1.eep
Compiled:    04.08.2022, 15:05:41
Pass:        2

     1: .device ATMega328p
     2: 
     3: .MACRO CFG_TIMER
     4: ; habilita timer 1
     5:     LDI R16,(1<<CS12)
     6:     STS TCCR1B,R16
     7: ; configura modo normal
     8:     LDI R16,0x00
     9:     STS TCCR1A,R16
    10: ; configura interrupt (overflow)
    11:     LDI R16,(1<<TOIE1)
    12:     STS TIMSK1,R16
    13: .ENDMACRO
    14: 
    15: .MACRO CFG_LED
    16:      LDI R18,0x20
    17:      OUT DDRB,R18
    18:      OUT PORTB,R18
    19: .ENDMACRO
    20: 
    21: // diz o microcontrolador especifico p/ o compilador
    22: 
    23: // inicio da memoria de código
    24: .org 0x0000
    25: // pula pro inicio do código
    26: 000000   C01A  rjmp   INIT
    27: .org 0x001A
    28: 00001A   C00F  rjmp HANDLER
    29: 
    30: 
    31: INIT: CFG_TIMER
    31: ; habilita timer 1
    31: 00001B   E004  LDI R16,(1<<CS12)
    31: 00001C   9300  STS TCCR1B,R16
        00001D   0081
    31: ; configura modo normal
    31: 00001E   E000  LDI R16,0x00
    31: 00001F   9300  STS TCCR1A,R16
        000020   0080
    31: ; configura interrupt (overflow)
    31: 000021   E001  LDI R16,(1<<TOIE1)
    31: 000022   9300  STS TIMSK1,R16
        000023   006F
    32:       CFG_LED
    32: 000024   E220  LDI R18,0x20
    32: 000025   B924  OUT DDRB,R18
    32: 000026   B925  OUT PORTB,R18
    33: 000027   9478  SEI
    34: 
    35: 000028   C000  RJMP LOOP
    36: 
    37: 000029   CFFF  RJMP LOOP
    38: 
    39: HANDLER:
    40: 00002A   3220  CPI R18,0x20
    41: 00002B   F029  BREQ TURN_OFF   ; ta ligado vai pra desligar
    42: 00002C   C001  RJMP TURN_ON    ; ta desligado vai pra ligar
    43: 
    44: HANDLER_END:
    45: 00002D   9518  RETI
    46: 
    47: TURN_ON:
    48: 00002E   E220  LDI R18, 0x20        ; liga led
    49: 00002F   B925  OUT PORTB,R18
    50: 000030   CFFC  rjmp HANDLER_END
    51: 
    52: 
    53: TURN_OFF:                  ; desliga led
    54: 000031   E020  LDI R18, 0x00
    55: 000032   B925  OUT PORTB,R18
    56: 000033   CFF9  rjmp HANDLER_END
    57: 
    58: 
    59: 

List of symbols:
Type nDef nUsed             Decimalval           Hexval Name
  T     1     1                    171               AB ATMEGA328P
  L     1     2                     27               1B INIT
  L     1     4                     41               29 LOOP
  L     1     2                     42               2A HANDLER
  L     1     4                     45               2D HANDLER_END
  L     1     2                     46               2E TURN_ON
  L     1     2                     49               31 TURN_OFF
  C     1     0                     22               16 NOW_Y
  C     1     0                      8               08 NOW_M
  C     1     0                      4               04 NOW_D
  C     1     0                  44777             AEE9 NOW_I

List of macros:
nLines nUsed nParams Name
     9     1       0 CFG_TIMER
     3     1       0 CFG_LED

Program             :       27 words.
Constants           :        0 words.
Total program memory:       27 words.
Eeprom space        :        0 bytes.
Data segment        :        0 bytes.
Compilation completed, no errors.
Compilation ended 04.08.2022, 15:05:41
