gavrasm Gerd's AVR assembler version 5.1 (C)2021 by DG4FAC
----------------------------------------------------------

Path:        /home/anonimo/Desktop/sis_embarcados/avr-projects/interrupt_3/
Source file: interrupt_3.asm
Hex file:    interrupt_3.hex
Eeprom file: interrupt_3.eep
Compiled:    30.07.2022, 13:13:45
Pass:        2

     1: .MACRO CFG_STACK
     2:      LDI R16,HIGH(RAMEND) // R16 = RAMEND_HIGH
     3:      OUT SPH,R16 // SPH = R16
     4:      LDI R16,LOW(RAMEND) // ...
     5:      OUT SPL,R16
     6: .ENDMACRO
     7: 
     8: ; configura portas digitais 8,9,13 como input pull-up
     9: .MACRO CFG_PORT
    10:      LDI R16,(1<<PCINT1)|(1<<PCINT0)|(1<<PB5)
    11:      OUT DDRB,R16
    12:      LDI R17,(1<<PCINT1)|(1<<PCINT0)|(1<<PB5)
    13:      OUT PORTB,R17
    14: .ENDMACRO
    15: 
    16: ; configura exception nas portas digitais 0-7 para low-level
    17: .MACRO CFG_HANDLER
    18:      LDS R16,PCICR
    19:      ORI R16,(1<<PCIE0)
    20:      STS PCICR,R16
    21:      ; Determina qual pino estar치 escutando
    22:      LDS R17,PCMSK0
    23:      ORI R17,(1<<PCINT1)|(1<<PCINT0)
    24:      STS PCMSK0,R17
    25: .ENDMACRO
    26: 
    27: ; inicializa o led ligado
    28: .MACRO CFG_LED
    29:      LDI R16,(1<<PB5)
    30:      OUT DDRB,R16
    31:      LDI R18,(1<<PB5)
    32:      OUT PORTB,R18
    33: .ENDMACRO
    34: 
    35: // diz o microcontrolador especifico p/ o compilador
    36: .device ATMega328p
    37: // inicio da memoria de c칩digo
    38: .org 0x0000
    39: // pula pro inicio do c칩digo
    40: 000000   C019  rjmp   INIT
    41: .org 0x0006
    42: 000006   C010  rjmp TURN_OFF
    43: 
    44: 
    45: 
    46: HANDLER:
    47: 000007   9100  LDS R16,PCMSK0
        000008   006B
    48: 000009   FF00  SBRS R16,0
    49: 00000A   C00C  RJMP TURN_OFF
    50: 00000B   9100  LDS R16,PCMSK0
        00000C   006B
    51: 00000D   FF01  SBRS R16,1
    52: 00000E   C005  RJMP TURN_ON
    53: 00000F   C003  RJMP HANDLER_END
    54: 
    55: HANDLER_MAIN:
    56: 000010   3220  CPI R18,(1<<PB5)
    57: 000011   F029  BREQ TURN_OFF
    58: 000012   C001  RJMP TURN_ON
    59: 
    60: 
    61: HANDLER_END:
    62: 000013   9518  RETI
    63: 
    64: TURN_ON:
    65: 000014   E220  LDI R18,(1<<PB5)        ; liga led
    66: 000015   B925  OUT PORTB,R18
    67: 000016   CFFC  rjmp HANDLER_END
    68: 
    69: 
    70: TURN_OFF:                  ; desliga led
    71: 000017   E020  LDI R18, 0x00
    72: 000018   B925  OUT PORTB,R18
    73: 000019   CFF9  rjmp HANDLER_END
    74: 
    75: INIT:
    76:       CFG_LED
    76: 00001A   E200  LDI R16,(1<<PB5)
    76: 00001B   B904  OUT DDRB,R16
    76: 00001C   E220  LDI R18,(1<<PB5)
    76: 00001D   B925  OUT PORTB,R18
    77:       CFG_STACK
    77: 00001E   E008  LDI R16,HIGH(RAMEND) // R16 = RAMEND_HIGH
    77: 00001F   BF0E  OUT SPH,R16 // SPH = R16
    77: 000020   EF0F  LDI R16,LOW(RAMEND) // ...
    77: 000021   BF0D  OUT SPL,R16
    78:       CFG_PORT
    78: 000022   E203  LDI R16,(1<<PCINT1)|(1<<PCINT0)|(1<<PB5)
    78: 000023   B904  OUT DDRB,R16
    78: 000024   E213  LDI R17,(1<<PCINT1)|(1<<PCINT0)|(1<<PB5)
    78: 000025   B915  OUT PORTB,R17
    79:       CFG_HANDLER
    79: 000026   9100  LDS R16,PCICR
        000027   0068
    79: 000028   6001  ORI R16,(1<<PCIE0)
    79: 000029   9300  STS PCICR,R16
        00002A   0068
    79:      ; Determina qual pino estar치 escutando
    79: 00002B   9110  LDS R17,PCMSK0
        00002C   006B
    79: 00002D   6013  ORI R17,(1<<PCINT1)|(1<<PCINT0)
    79: 00002E   9310  STS PCMSK0,R17
        00002F   006B
    80: 000030   9478  SEI
    81: 
    82: 000031   CFFF  RJMP LOOP
    83: 

List of symbols:
Type nDef nUsed             Decimalval           Hexval Name
  T     1     1                    171               AB ATMEGA328P
  L     1     0                      7               07 HANDLER
  L     1     0                     16               10 HANDLER_MAIN
  L     1     6                     19               13 HANDLER_END
  L     1     4                     20               14 TURN_ON
  L     1     6                     23               17 TURN_OFF
  L     1     2                     26               1A INIT
  L     1     2                     49               31 LOOP
  C     1     0                     22               16 NOW_Y
  C     1     0                      7               07 NOW_M
  C     1     0                     30               1E NOW_D
  C     1     0                  44772             AEE4 NOW_I

List of macros:
nLines nUsed nParams Name
     4     1       0 CFG_STACK
     4     1       0 CFG_PORT
     7     1       0 CFG_HANDLER
     4     1       0 CFG_LED

Program             :       45 words.
Constants           :        0 words.
Total program memory:       45 words.
Eeprom space        :        0 bytes.
Data segment        :        0 bytes.
Compilation completed, no errors.
Compilation ended 30.07.2022, 13:13:45
