gavrasm Gerd's AVR assembler version 5.1 (C)2021 by DG4FAC
----------------------------------------------------------

Path:        /home/anonimo/Desktop/sis_embarcados/avr-projects/
Source file: timer_0.asm
Hex file:    timer_0.hex
Eeprom file: timer_0.eep
Compiled:    09.08.2022, 17:52:02
Pass:        2

     1: .include "m328Pdef.inc"
 -> Warning 009: Include defs not necessary, using internal values!
   File: /home/anonimo/Desktop/sis_embarcados/avr-projects/timer_0.asm, Line: 1
   Source line: .include "m328Pdef.inc"
     2: 
     3: .MACRO CFG_TIMER
     4:        ; Timer 0 - 8 bits - TCNT0
     5:        ; Internal clock/1024 -> CS02:0 = 101 (register TCCR0B)
     6:        ; CTC -> WGM02:0 = 010 (registers TCCR0A and TCCR0B)
     7:        ; Count to 0xFF -> OCR0A = 0xFF
     8:        ; On compare match OCR0A toggle pin6 -> COM0A1:0 = 01 (register TCCR0A)
     9:        CLR R16
    10:        OUT TCNT0,R16
    11:        OUT TCCR0A,R16
    12:        OUT TCCR0B,R16
    13:        LDI R16,(1<<COM0A0)|(0<<WGM00)
    14:        OUT TCCR0A,R16
    15:        LDI R16,(1<<CS02)|(1<<CS00)
    16:        OUT TCCR0B,R16
    17:        LDI R16,0xFF
    18:        OUT OCR0A,R16
    19:        LDI R16,(1<<OCIE0A)
    20:        STS TIMSK0,R16
    21:        LDI R16,0xFF
    22:        OUT DDRD,R16
    23: .ENDMACRO
    24: 
    25: .MACRO CFG_LED
    26:      LDI R18,(1<<PB5)
    27:      OUT DDRB,R18
    28:      OUT PORTB,R18
    29:      LDI R16,0xFF
    30:      OUT DDRD,R16
    31: .ENDMACRO
    32: 
    33: 
    34: .org 0x0000
    35: 000000   C000  RJMP INIT
    36: 
    37: INIT:
    38: CFG_LED
    38: 000001   E220  LDI R18,(1<<PB5)
    38: 000002   B924  OUT DDRB,R18
    38: 000003   B925  OUT PORTB,R18
    38: 000004   EF0F  LDI R16,0xFF
    38: 000005   B90A  OUT DDRD,R16
    39: CFG_TIMER
    39:        ; Timer 0 - 8 bits - TCNT0
    39:        ; Internal clock/1024 -> CS02:0 = 101 (register TCCR0B)
    39:        ; CTC -> WGM02:0 = 010 (registers TCCR0A and TCCR0B)
    39:        ; Count to 0xFF -> OCR0A = 0xFF
    39:        ; On compare match OCR0A toggle pin6 -> COM0A1:0 = 01 (register TCCR0A)
    39: 000006   2700  CLR R16
    39: 000007   BD06  OUT TCNT0,R16
    39: 000008   BD04  OUT TCCR0A,R16
    39: 000009   BD05  OUT TCCR0B,R16
    39: 00000A   E400  LDI R16,(1<<COM0A0)|(0<<WGM00)
    39: 00000B   BD04  OUT TCCR0A,R16
    39: 00000C   E005  LDI R16,(1<<CS02)|(1<<CS00)
    39: 00000D   BD05  OUT TCCR0B,R16
    39: 00000E   EF0F  LDI R16,0xFF
    39: 00000F   BD07  OUT OCR0A,R16
    39: 000010   E002  LDI R16,(1<<OCIE0A)
    39: 000011   9300  STS TIMSK0,R16
        000012   006E
    39: 000013   EF0F  LDI R16,0xFF
    39: 000014   B90A  OUT DDRD,R16
    40: 000015   9478  SEI
    41: 
    42: 
    43: 000016   CFFF  RJMP LOOP
    44: 
    45: .org 0x001C
    46: 00001C   C000  RJMP HANDLER
    47: 
    48: 
    49: 
    50: HANDLER:
    51: 00001D   3220  CPI R18,0x20
    52: 00001E   F029  BREQ TURN_OFF
    53: 00001F   C001  RJMP TURN_ON
    54: 
    55: HANDLER_END:
    56: 000020   9518  RETI
    57: 
    58: TURN_ON:
    59: 000021   E220  LDI R18,(1<<PB5)        ; liga led
    60: 000022   B925  OUT PORTB,R18
    61: 000023   CFFC  rjmp HANDLER_END
    62: 
    63: 
    64: TURN_OFF:                  ; desliga led
    65: 000024   E020  LDI R18, 0x00
    66: 000025   B925  OUT PORTB,R18
    67: 000026   CFF9  rjmp HANDLER_END
    68: 

List of symbols:
Type nDef nUsed             Decimalval           Hexval Name
  T     1     1                    171               AB ATMEGA328P
  L     1     2                      1               01 INIT
  L     1     2                     22               16 LOOP
  L     1     2                     29               1D HANDLER
  L     1     4                     32               20 HANDLER_END
  L     1     2                     33               21 TURN_ON
  L     1     2                     36               24 TURN_OFF
  C     1     0                     22               16 NOW_Y
  C     1     0                      8               08 NOW_M
  C     1     0                      9               09 NOW_D
  C     1     0                  44782             AEEE NOW_I

List of macros:
nLines nUsed nParams Name
    19     1       0 CFG_TIMER
     5     1       0 CFG_LED

Program             :       34 words.
Constants           :        0 words.
Total program memory:       34 words.
Eeprom space        :        0 bytes.
Data segment        :        0 bytes.
Compilation completed, no errors.
Compilation ended 09.08.2022, 17:52:02
