gavrasm Gerd's AVR assembler version 5.1 (C)2021 by DG4FAC
----------------------------------------------------------

Path:        /home/anonimo/Desktop/sis_embarcados/avr-projects/from_code_2_mem/
Source file: from_code_2_mem.asm
Hex file:    from_code_2_mem.hex
Eeprom file: from_code_2_mem.eep
Compiled:    09.08.2022, 12:26:48
Pass:        2

     1: .device ATMega328p
     2: 
     3: 
     4: .dseg
     5: .org 0x100
     6: 
     7: .cseg
     8: .org 0x00
     9: 
    10: 000000   C000  RJMP INIT
    11: 
    12: 000001   E1E2  LDI R30,LOW(ARRAY<<1)
    13: 000002   E0F0  LDI R31,HIGH(ARRAY<<1)
    14: 000003   E000  LDI R16,0x00
    15: LOAD_LOOP:
    16: 000004   9015  LPM R1,Z+
    17: 000005   9503  INC R16
    18: 000006   3004  CPI R16,INITIAL_ARRAY_SIZE
    19: 000007   F7E1  BRNE LOAD_LOOP
    20: 
    21: 
    22: 
    23: 000008   CFFF  RJMP LOOP
    24: 
    25: .equ INITIAL_ARRAY_SIZE = 4
    26: ARRAY: .db 0,1,2,3
        000009 0100 0302

List of symbols:
Type nDef nUsed             Decimalval           Hexval Name
  T     1     1                    171               AB ATMEGA328P
  L     1     2                      1               01 INIT
  L     1     2                      4               04 LOAD_LOOP
  L     1     2                      8               08 LOOP
  L     1     2                      9               09 ARRAY
  C     1     0                     22               16 NOW_Y
  C     1     0                      8               08 NOW_M
  C     1     0                      9               09 NOW_D
  C     1     0                  44782             AEEE NOW_I
  C     1     1                      4               04 INITIAL_ARRAY_SIZE
   No macros.

Program             :        9 words.
Constants           :        2 words.
Total program memory:       11 words.
Eeprom space        :        0 bytes.
Data segment        :        0 bytes.
Compilation completed, no errors.
Compilation ended 09.08.2022, 12:26:48
