gavrasm Gerd's AVR assembler version 5.1 (C)2021 by DG4FAC
----------------------------------------------------------

Path:        /home/anonimo/Desktop/sis_embarcados/avr-projects/pisca/
Source file: pisca_2.asm
Hex file:    pisca_2.hex
Eeprom file: pisca_2.eep
Compiled:    28.07.2022, 15:24:17
Pass:        2

     1: .device ATMega328p
     2: .org 0x00
     3: 
     4: 000000   C000  rjmp INIT
     5: 
     6: INIT:
     7: 
     8: 000001   E200  LDI R16,0x20
     9: 000002   E210  LDI R17,0x20
    10: 000003   B904  OUT DDRB,R16
    11: 000004   C014  rjmp ALTERNA
    12: 
    13: SUBTRAI:
    14: 000005   952A  DEC R18            ;subração
    15: 000006   3020  CPI R18,0x00       ; comparar
    16: 000007   F089  BREQ ALTERNA       ; se ta zero vai pro alterna
    17: 000008   EF3F  LDI R19,0xFF       ;reinicializa o registrador r19
    18: 000009   C000  RJMP SUBTRAI_2     ;se nao ta zerado vai pro subtrai 2
    19: 
    20: SUBTRAI_2:
    21: 00000A   953A  DEC R19
    22: 00000B   3030  CPI R19,0x00
    23: 00000C   F3C1  BREQ SUBTRAI
    24: 00000D   EF4F  LDI R20,0xFF
    25: 00000E   C000  RJMP SUBTRAI_3
    26: 
    27: 
    28: SUBTRAI_3:
    29: 00000F   954A  DEC R20
    30: 000010   3040  CPI R20,0x00
    31: 000011   F3C1  BREQ SUBTRAI_2
    32: 000012   CFFC  RJMP SUBTRAI_3
    33: 
    34: TURN_ON:
    35: 000013   E210  LDI R17, 0x20        ; liga led
    36: 000014   B915  OUT PORTB,R17
    37: 000015   CFEF  rjmp SUBTRAI
    38: 
    39: 
    40: TURN_OFF:                  ; desliga led
    41: 000016   E010  LDI R17, 0x00
    42: 000017   B915  OUT PORTB,R17
    43: 000018   CFEC  rjmp SUBTRAI
    44: 
    45: 
    46: ALTERNA:
    47: 000019   EF2F  LDI R18,0xFF    ;inicializando o registrador
    48: 00001A   EF3F  LDI R19,0xFF    ;inicializando o registrador
    49: 00001B   EF4F  LDI R20,0xFF    ;inicializando o registrador
    50: 00001C   3210  CPI R17,0x20
    51: 00001D   F3C1  BREQ TURN_OFF   ; ta ligado vai pra desligar
    52: 00001E   CFF4  RJMP TURN_ON    ; ta desligado vai pra ligar
    53: 
    54: 

List of symbols:
Type nDef nUsed             Decimalval           Hexval Name
  T     1     1                    171               AB ATMEGA328P
  L     1     2                      1               01 INIT
  L     1     6                      5               05 SUBTRAI
  L     1     4                     10               0A SUBTRAI_2
  L     1     4                     15               0F SUBTRAI_3
  L     1     2                     19               13 TURN_ON
  L     1     2                     22               16 TURN_OFF
  L     1     4                     25               19 ALTERNA
  C     1     0                     22               16 NOW_Y
  C     1     0                      7               07 NOW_M
  C     1     0                     28               1C NOW_D
  C     1     0                  44770             AEE2 NOW_I
   No macros.

Program             :       31 words.
Constants           :        0 words.
Total program memory:       31 words.
Eeprom space        :        0 bytes.
Data segment        :        0 bytes.
Compilation completed, no errors.
Compilation ended 28.07.2022, 15:24:17
